
> ai-learning-os@0.1.0 build
> next build

   ▲ Next.js 15.5.19
   - Environments: .env.local
   - Experiments (use with caution):
     · optimizePackageImports

   Creating an optimized production build ...
 ✓ Compiled successfully in 3.1s
   Linting and checking validity of types ...
   Collecting page data ...
   Generating static pages (0/16) ...
   Generating static pages (4/16) 
   Generating static pages (8/16) 
   Generating static pages (12/16) 
 ✓ Generating static pages (16/16)
   Finalizing page optimization ...
   Collecting build traces ...

Route (app)                                 Size  First Load JS
┌ ○ /                                      137 B         103 kB
├ ○ /_not-found                            993 B         103 kB
├ ƒ /ai-tutor                            7.42 kB         169 kB
├ ƒ /api/ai/chat                           137 B         103 kB
├ ƒ /api/ai/quiz                           137 B         103 kB
├ ƒ /auth/callback                         137 B         103 kB
├ ƒ /auth/signout                          137 B         103 kB
├ ○ /dashboard                           3.96 kB         161 kB
├ ○ /exam-mode                           3.68 kB         164 kB
├ ○ /knowledge-hub                       9.42 kB         179 kB
├ ○ /login                               3.44 kB         157 kB
├ ○ /profile                             8.74 kB         173 kB
├ ○ /signup                              3.44 kB         157 kB
└ ○ /study-planner                       2.53 kB         119 kB
+ First Load JS shared by all             102 kB
  ├ chunks/255-98a0bdaa30757bda.js       46.2 kB
  ├ chunks/4bd1b696-c023c6e3521b1417.js  54.2 kB
  └ other shared chunks (total)          2.02 kB


ƒ Middleware                             66.2 kB

○  (Static)   prerendered as static content
ƒ  (Dynamic)  server-rendered on demand

EXIT=0
